1574652656369	mozrunner::runner	INFO	Running command: "/Applications/Firefox.app/Contents/MacOS/firefox-bin" "-marionette" "-foreground" "-no-remote" "-profile" "/var/folders/wn/50dgttjn74z20t4zw4dh_jkm0000gn/T/rust_mozprofileu1B5ej"
1574652656979	addons.webextension.screenshots@mozilla.org	WARN	Loading extension 'screenshots@mozilla.org': Reading manifest: Invalid extension permission: mozillaAddons
1574652656979	addons.webextension.screenshots@mozilla.org	WARN	Loading extension 'screenshots@mozilla.org': Reading manifest: Invalid extension permission: telemetry
1574652656979	addons.webextension.screenshots@mozilla.org	WARN	Loading extension 'screenshots@mozilla.org': Reading manifest: Invalid extension permission: resource://pdf.js/
1574652656979	addons.webextension.screenshots@mozilla.org	WARN	Loading extension 'screenshots@mozilla.org': Reading manifest: Invalid extension permission: about:reader*
1574652658383	Marionette	INFO	Listening on port 50289
1574652658429	Marionette	WARN	TLS certificate errors will be ignored for this session
1574652659271	Marionette	INFO	Stopped listening on port 50289
1574653026851	mozrunner::runner	INFO	Running command: "/Applications/Firefox.app/Contents/MacOS/firefox-bin" "-marionette" "-foreground" "-no-remote" "-profile" "/var/folders/wn/50dgttjn74z20t4zw4dh_jkm0000gn/T/rust_mozprofileEToATn"
1574653027215	addons.webextension.screenshots@mozilla.org	WARN	Loading extension 'screenshots@mozilla.org': Reading manifest: Invalid extension permission: mozillaAddons
1574653027215	addons.webextension.screenshots@mozilla.org	WARN	Loading extension 'screenshots@mozilla.org': Reading manifest: Invalid extension permission: telemetry
1574653027215	addons.webextension.screenshots@mozilla.org	WARN	Loading extension 'screenshots@mozilla.org': Reading manifest: Invalid extension permission: resource://pdf.js/
1574653027215	addons.webextension.screenshots@mozilla.org	WARN	Loading extension 'screenshots@mozilla.org': Reading manifest: Invalid extension permission: about:reader*
1574653028413	Marionette	INFO	Listening on port 50354
1574653028506	Marionette	WARN	TLS certificate errors will be ignored for this session
1574653054147	mozrunner::runner	INFO	Running command: "/Applications/Firefox.app/Contents/MacOS/firefox-bin" "-marionette" "-foreground" "-no-remote" "-profile" "/var/folders/wn/50dgttjn74z20t4zw4dh_jkm0000gn/T/rust_mozprofileTfZbM4"
1574653054700	addons.webextension.screenshots@mozilla.org	WARN	Loading extension 'screenshots@mozilla.org': Reading manifest: Invalid extension permission: mozillaAddons
1574653054700	addons.webextension.screenshots@mozilla.org	WARN	Loading extension 'screenshots@mozilla.org': Reading manifest: Invalid extension permission: telemetry
1574653054700	addons.webextension.screenshots@mozilla.org	WARN	Loading extension 'screenshots@mozilla.org': Reading manifest: Invalid extension permission: resource://pdf.js/
1574653054700	addons.webextension.screenshots@mozilla.org	WARN	Loading extension 'screenshots@mozilla.org': Reading manifest: Invalid extension permission: about:reader*
1574653056039	Marionette	INFO	Listening on port 50402
1574653056098	Marionette	WARN	TLS certificate errors will be ignored for this session
JavaScript warning: https://www.fidelity.com/bin-public/060_www_fidelity_com/js/nav-07.18.min.js, line 2: Using //@ to indicate sourceMappingURL pragmas is deprecated. Use //# instead
[Parent 1977, Gecko_IOThread] WARNING: pipe error: Broken pipe: file /builds/worker/workspace/build/src/ipc/chromium/src/chrome/common/ipc_channel_posix.cc, line 728
1574653077604	Marionette	INFO	Stopped listening on port 50402
1574653082244	Marionette	INFO	Stopped listening on port 50354
1574982166848	mozrunner::runner	INFO	Running command: "/Applications/Firefox.app/Contents/MacOS/firefox-bin" "-marionette" "-foreground" "-no-remote" "-profile" "/var/folders/wn/50dgttjn74z20t4zw4dh_jkm0000gn/T/rust_mozprofilePD3qEv"
1574982167353	addons.webextension.screenshots@mozilla.org	WARN	Loading extension 'screenshots@mozilla.org': Reading manifest: Invalid extension permission: mozillaAddons
1574982167353	addons.webextension.screenshots@mozilla.org	WARN	Loading extension 'screenshots@mozilla.org': Reading manifest: Invalid extension permission: telemetry
1574982167353	addons.webextension.screenshots@mozilla.org	WARN	Loading extension 'screenshots@mozilla.org': Reading manifest: Invalid extension permission: resource://pdf.js/
1574982167353	addons.webextension.screenshots@mozilla.org	WARN	Loading extension 'screenshots@mozilla.org': Reading manifest: Invalid extension permission: about:reader*
1574982168720	Marionette	INFO	Listening on port 58981
1574982168814	Marionette	WARN	TLS certificate errors will be ignored for this session
JavaScript warning: https://www.fidelity.com/bin-public/060_www_fidelity_com/js/nav-07.18.min.js, line 2: Using //@ to indicate sourceMappingURL pragmas is deprecated. Use //# instead
[Parent 8815, Gecko_IOThread] WARNING: pipe error: Broken pipe: file /builds/worker/workspace/build/src/ipc/chromium/src/chrome/common/ipc_channel_posix.cc, line 728
JavaScript warning: https://login.fidelity.com/ftgw/pages/widget/js/jquery/jquery-1.10.2.min.js, line 2: Using //@ to indicate sourceMappingURL pragmas is deprecated. Use //# instead
JavaScript warning: https://www.fidelity.com/bin-public/060_www_fidelity_com/js/nav-07.18.min.js, line 2: Using //@ to indicate sourceMappingURL pragmas is deprecated. Use //# instead
[Parent 8815, Gecko_IOThread] WARNING: pipe error: Broken pipe: file /builds/worker/workspace/build/src/ipc/chromium/src/chrome/common/ipc_channel_posix.cc, line 728
JavaScript warning: https://login.fidelity.com/ftgw/pages/widget/js/jquery/jquery-1.10.2.min.js, line 2: Using //@ to indicate sourceMappingURL pragmas is deprecated. Use //# instead
JavaScript warning: https://login.fidelity.com/ftgw/pages/widget/js/jquery/jquery-1.10.2.min.js, line 2: Using //@ to indicate sourceMappingURL pragmas is deprecated. Use //# instead
JavaScript warning: https://www.fidelity.com/bin-public/060_www_fidelity_com/js/nav-07.18.min.js, line 2: Using //@ to indicate sourceMappingURL pragmas is deprecated. Use //# instead
JavaScript warning: https://www.fid-inv.com/webcontent/ap110184-client-portfolio/117.1/js/main-dma-min.js, line 3955: Using //@ to indicate sourceMappingURL pragmas is deprecated. Use //# instead
JavaScript warning: https://www.fid-inv.com/webcontent/ap113734-client-trade/19.11.22/js/ngft-integrated-min.js, line 1612: Using //@ to indicate sourceMappingURL pragmas is deprecated. Use //# instead
JavaScript warning: https://www.fidelity.com/webcontent/ap108513-html5chart/2.33/scripts/moment.min.js, line 6: unreachable code after return statement
JavaScript warning: https://www.fidelity.com/bin-public/060_www_fidelity_com/js/nav-07.18.min.js, line 2: Using //@ to indicate sourceMappingURL pragmas is deprecated. Use //# instead
[Parent 8815, Gecko_IOThread] WARNING: pipe error: Broken pipe: file /builds/worker/workspace/build/src/ipc/chromium/src/chrome/common/ipc_channel_posix.cc, line 728
JavaScript warning: https://login.fidelity.com/ftgw/pages/widget/js/jquery/jquery-1.10.2.min.js, line 2: Using //@ to indicate sourceMappingURL pragmas is deprecated. Use //# instead
[Parent 8815, Gecko_IOThread] WARNING: pipe error: Broken pipe: file /builds/worker/workspace/build/src/ipc/chromium/src/chrome/common/ipc_channel_posix.cc, line 728
[Parent 8815, Gecko_IOThread] WARNING: pipe error: Broken pipe: file /builds/worker/workspace/build/src/ipc/chromium/src/chrome/common/ipc_channel_posix.cc, line 728
1575042002731	mozrunner::runner	INFO	Running command: "/Applications/Firefox.app/Contents/MacOS/firefox-bin" "-marionette" "-foreground" "-no-remote" "-profile" "/var/folders/wn/50dgttjn74z20t4zw4dh_jkm0000gn/T/rust_mozprofile4y5rNv"
1575042003239	addons.webextension.screenshots@mozilla.org	WARN	Loading extension 'screenshots@mozilla.org': Reading manifest: Invalid extension permission: mozillaAddons
1575042003239	addons.webextension.screenshots@mozilla.org	WARN	Loading extension 'screenshots@mozilla.org': Reading manifest: Invalid extension permission: telemetry
1575042003240	addons.webextension.screenshots@mozilla.org	WARN	Loading extension 'screenshots@mozilla.org': Reading manifest: Invalid extension permission: resource://pdf.js/
1575042003240	addons.webextension.screenshots@mozilla.org	WARN	Loading extension 'screenshots@mozilla.org': Reading manifest: Invalid extension permission: about:reader*
1575042004525	Marionette	INFO	Listening on port 61084
1575042004582	Marionette	WARN	TLS certificate errors will be ignored for this session
JavaScript warning: https://www.fidelity.com/bin-public/060_www_fidelity_com/js/nav-07.18.min.js, line 2: Using //@ to indicate sourceMappingURL pragmas is deprecated. Use //# instead
[Parent 9827, Gecko_IOThread] WARNING: pipe error: Broken pipe: file /builds/worker/workspace/build/src/ipc/chromium/src/chrome/common/ipc_channel_posix.cc, line 728
JavaScript warning: https://login.fidelity.com/ftgw/pages/widget/js/jquery/jquery-1.10.2.min.js, line 2: Using //@ to indicate sourceMappingURL pragmas is deprecated. Use //# instead
JavaScript warning: https://www.fidelity.com/bin-public/060_www_fidelity_com/js/nav-07.18.min.js, line 2: Using //@ to indicate sourceMappingURL pragmas is deprecated. Use //# instead
JavaScript warning: https://www.fid-inv.com/webcontent/ap110184-client-portfolio/117.1/js/main-dma-min.js, line 3955: Using //@ to indicate sourceMappingURL pragmas is deprecated. Use //# instead
JavaScript warning: https://www.fidelity.com/webcontent/ap108513-html5chart/2.33/scripts/moment.min.js, line 6: unreachable code after return statement
JavaScript warning: https://www.fidelity.com/webcontent/ap108513-html5chart/2.33/scripts/moment.min.js, line 6: unreachable code after return statement
JavaScript warning: https://www.fid-inv.com/webcontent/ap113734-client-trade/19.11.22/js/ngft-integrated-min.js, line 1612: Using //@ to indicate sourceMappingURL pragmas is deprecated. Use //# instead
console.error: "TypeError: currentNode is null: canMutationImpactCurrentStyles@resource://devtools/client/inspector/shared/style-change-tracker.js:62:20\nonMutations@resource://devtools/client/inspector/shared/style-change-tracker.js:80:41\nemit@resource://devtools/shared/event-emitter.js:190:24\nemit@resource://devtools/shared/event-emitter.js:271:18\ngetMutations/<@resource://devtools/shared/fronts/inspector.js:425:12\n"
TypeError: currentNode is null: canMutationImpactCurrentStyles@resource://devtools/client/inspector/shared/style-change-tracker.js:62:20
onMutations@resource://devtools/client/inspector/shared/style-change-tracker.js:80:41
emit@resource://devtools/shared/event-emitter.js:190:24
emit@resource://devtools/shared/event-emitter.js:271:18
getMutations/<@resource://devtools/shared/fronts/inspector.js:425:12

Handler function threw an exception: [Exception... "Component returned failure code: 0x80040111 (NS_ERROR_NOT_AVAILABLE) [nsICacheInfoChannel.isRacing]"  nsresult: "0x80040111 (NS_ERROR_NOT_AVAILABLE)"  location: "JS frame :: resource://devtools/server/actors/network-monitor/network-response-listener.js :: NetworkResponseListener.prototype._getSecurityInfo< :: line 335"  data: no]
Stack: NetworkResponseListener.prototype._getSecurityInfo<@resource://devtools/server/actors/network-monitor/network-response-listener.js:335:26
exports.makeInfallible/<@resource://devtools/shared/ThreadSafeDevToolsUtils.js:111:22
onStartRequest@resource://devtools/server/actors/network-monitor/network-response-listener.js:224:10
Line: 335, column: 0
console.error: ({})
[Parent 8815, Gecko_IOThread] WARNING: pipe error: Broken pipe: file /builds/worker/workspace/build/src/ipc/chromium/src/chrome/common/ipc_channel_posix.cc, line 728
1575042325399	Marionette	INFO	Stopped listening on port 61084
Handler function threw an exception: [Exception... "Component returned failure code: 0x80040111 (NS_ERROR_NOT_AVAILABLE) [nsICacheInfoChannel.isRacing]"  nsresult: "0x80040111 (NS_ERROR_NOT_AVAILABLE)"  location: "JS frame :: resource://devtools/server/actors/network-monitor/network-response-listener.js :: NetworkResponseListener.prototype._getSecurityInfo< :: line 335"  data: no]
Stack: NetworkResponseListener.prototype._getSecurityInfo<@resource://devtools/server/actors/network-monitor/network-response-listener.js:335:26
exports.makeInfallible/<@resource://devtools/shared/ThreadSafeDevToolsUtils.js:111:22
onStartRequest@resource://devtools/server/actors/network-monitor/network-response-listener.js:224:10
Line: 335, column: 0
console.error: ({})
console.error: "Error while calling actor 'layout's method 'getGrids'" "node is null"
console.error: "getGrids@resource://devtools/server/actors/layout.js:501:26\ngetGrids@resource://devtools/server/actors/layout.js:506:43\ngetGrids@resource://devtools/server/actors/layout.js:506:43\nhandler@resource://devtools/shared/protocol/Actor.js:154:37\nonPacket@resource://devtools/server/debugger-server-connection.js:378:58\nreceiveMessage@resource://devtools/shared/transport/child-transport.js:66:16\n"
[Parent 8815, Gecko_IOThread] WARNING: pipe error: Broken pipe: file /builds/worker/workspace/build/src/ipc/chromium/src/chrome/common/ipc_channel_posix.cc, line 728
Handler function threw an exception: [Exception... "Component returned failure code: 0x80040111 (NS_ERROR_NOT_AVAILABLE) [nsICacheInfoChannel.isRacing]"  nsresult: "0x80040111 (NS_ERROR_NOT_AVAILABLE)"  location: "JS frame :: resource://devtools/server/actors/network-monitor/network-response-listener.js :: NetworkResponseListener.prototype._getSecurityInfo< :: line 335"  data: no]
Stack: NetworkResponseListener.prototype._getSecurityInfo<@resource://devtools/server/actors/network-monitor/network-response-listener.js:335:26
exports.makeInfallible/<@resource://devtools/shared/ThreadSafeDevToolsUtils.js:111:22
onStartRequest@resource://devtools/server/actors/network-monitor/network-response-listener.js:224:10
Line: 335, column: 0
console.error: ({})
[Parent 8815, Gecko_IOThread] WARNING: pipe error: Broken pipe: file /builds/worker/workspace/build/src/ipc/chromium/src/chrome/common/ipc_channel_posix.cc, line 728
Handler function threw an exception: [Exception... "Component returned failure code: 0x80040111 (NS_ERROR_NOT_AVAILABLE) [nsICacheInfoChannel.isRacing]"  nsresult: "0x80040111 (NS_ERROR_NOT_AVAILABLE)"  location: "JS frame :: resource://devtools/server/actors/network-monitor/network-response-listener.js :: NetworkResponseListener.prototype._getSecurityInfo< :: line 335"  data: no]
Stack: NetworkResponseListener.prototype._getSecurityInfo<@resource://devtools/server/actors/network-monitor/network-response-listener.js:335:26
exports.makeInfallible/<@resource://devtools/shared/ThreadSafeDevToolsUtils.js:111:22
onStartRequest@resource://devtools/server/actors/network-monitor/network-response-listener.js:224:10
Line: 335, column: 0
console.error: ({})
[Parent 8815, Gecko_IOThread] WARNING: pipe error: Broken pipe: file /builds/worker/workspace/build/src/ipc/chromium/src/chrome/common/ipc_channel_posix.cc, line 728
Handler function threw an exception: [Exception... "Component returned failure code: 0x80040111 (NS_ERROR_NOT_AVAILABLE) [nsICacheInfoChannel.isRacing]"  nsresult: "0x80040111 (NS_ERROR_NOT_AVAILABLE)"  location: "JS frame :: resource://devtools/server/actors/network-monitor/network-response-listener.js :: NetworkResponseListener.prototype._getSecurityInfo< :: line 335"  data: no]
Stack: NetworkResponseListener.prototype._getSecurityInfo<@resource://devtools/server/actors/network-monitor/network-response-listener.js:335:26
exports.makeInfallible/<@resource://devtools/shared/ThreadSafeDevToolsUtils.js:111:22
onStartRequest@resource://devtools/server/actors/network-monitor/network-response-listener.js:224:10
Line: 335, column: 0
console.error: ({})
[Parent 8815, Gecko_IOThread] WARNING: pipe error: Broken pipe: file /builds/worker/workspace/build/src/ipc/chromium/src/chrome/common/ipc_channel_posix.cc, line 728
Handler function threw an exception: [Exception... "Component returned failure code: 0x80040111 (NS_ERROR_NOT_AVAILABLE) [nsICacheInfoChannel.isRacing]"  nsresult: "0x80040111 (NS_ERROR_NOT_AVAILABLE)"  location: "JS frame :: resource://devtools/server/actors/network-monitor/network-response-listener.js :: NetworkResponseListener.prototype._getSecurityInfo< :: line 335"  data: no]
Stack: NetworkResponseListener.prototype._getSecurityInfo<@resource://devtools/server/actors/network-monitor/network-response-listener.js:335:26
exports.makeInfallible/<@resource://devtools/shared/ThreadSafeDevToolsUtils.js:111:22
onStartRequest@resource://devtools/server/actors/network-monitor/network-response-listener.js:224:10
Line: 335, column: 0
console.error: ({})
[Parent 8815, Gecko_IOThread] WARNING: pipe error: Broken pipe: file /builds/worker/workspace/build/src/ipc/chromium/src/chrome/common/ipc_channel_posix.cc, line 728
1575045299502	mozrunner::runner	INFO	Running command: "/Applications/Firefox.app/Contents/MacOS/firefox-bin" "-marionette" "-foreground" "-no-remote" "-profile" "/var/folders/wn/50dgttjn74z20t4zw4dh_jkm0000gn/T/rust_mozprofileHeDKnc"
1575045299838	addons.webextension.screenshots@mozilla.org	WARN	Loading extension 'screenshots@mozilla.org': Reading manifest: Invalid extension permission: mozillaAddons
1575045299838	addons.webextension.screenshots@mozilla.org	WARN	Loading extension 'screenshots@mozilla.org': Reading manifest: Invalid extension permission: telemetry
1575045299838	addons.webextension.screenshots@mozilla.org	WARN	Loading extension 'screenshots@mozilla.org': Reading manifest: Invalid extension permission: resource://pdf.js/
1575045299838	addons.webextension.screenshots@mozilla.org	WARN	Loading extension 'screenshots@mozilla.org': Reading manifest: Invalid extension permission: about:reader*
1575045301040	Marionette	INFO	Listening on port 61514
1575045301048	Marionette	WARN	TLS certificate errors will be ignored for this session
1575045327388	mozrunner::runner	INFO	Running command: "/Applications/Firefox.app/Contents/MacOS/firefox-bin" "-marionette" "-foreground" "-no-remote" "-profile" "/var/folders/wn/50dgttjn74z20t4zw4dh_jkm0000gn/T/rust_mozprofile7DC6TW"
1575045327788	addons.webextension.screenshots@mozilla.org	WARN	Loading extension 'screenshots@mozilla.org': Reading manifest: Invalid extension permission: mozillaAddons
1575045327788	addons.webextension.screenshots@mozilla.org	WARN	Loading extension 'screenshots@mozilla.org': Reading manifest: Invalid extension permission: telemetry
1575045327788	addons.webextension.screenshots@mozilla.org	WARN	Loading extension 'screenshots@mozilla.org': Reading manifest: Invalid extension permission: resource://pdf.js/
1575045327788	addons.webextension.screenshots@mozilla.org	WARN	Loading extension 'screenshots@mozilla.org': Reading manifest: Invalid extension permission: about:reader*
1575045329052	Marionette	INFO	Listening on port 61553
1575045329146	Marionette	WARN	TLS certificate errors will be ignored for this session
JavaScript warning: https://www.fidelity.com/bin-public/060_www_fidelity_com/js/nav-07.18.min.js, line 2: Using //@ to indicate sourceMappingURL pragmas is deprecated. Use //# instead
JavaScript warning: https://login.fidelity.com/ftgw/pages/widget/js/jquery/jquery-1.10.2.min.js, line 2: Using //@ to indicate sourceMappingURL pragmas is deprecated. Use //# instead
JavaScript warning: https://www.fidelity.com/bin-public/060_www_fidelity_com/js/nav-07.18.min.js, line 2: Using //@ to indicate sourceMappingURL pragmas is deprecated. Use //# instead
JavaScript warning: https://www.fid-inv.com/webcontent/ap110184-client-portfolio/117.1/js/main-dma-min.js, line 3955: Using //@ to indicate sourceMappingURL pragmas is deprecated. Use //# instead
JavaScript error: https://www.fid-inv.com/webcontent/ap110184-client-portfolio/117.1/js/main-dma-min.js, line 157: Error: Syntax error, unrecognized expression: https://scs.fidelity.com/customeronly/statements.shtml?Ref_at=ng
JavaScript warning: https://www.fidelity.com/bin-public/060_www_fidelity_com/js/nav-07.18.min.js, line 2: Using //@ to indicate sourceMappingURL pragmas is deprecated. Use //# instead
[Parent 10169, Gecko_IOThread] WARNING: pipe error: Broken pipe: file /builds/worker/workspace/build/src/ipc/chromium/src/chrome/common/ipc_channel_posix.cc, line 728
1575045369581	Marionette	WARN	TimedPromise timed out after 0 ms: stacktrace:
bail@chrome://marionette/content/sync.js:237:64
1575045369844	Marionette	WARN	TimedPromise timed out after 0 ms: stacktrace:
bail@chrome://marionette/content/sync.js:237:64
JavaScript warning: https://www.fidelity.com/bin-public/060_www_fidelity_com/js/nav-07.18.min.js, line 2: Using //@ to indicate sourceMappingURL pragmas is deprecated. Use //# instead
[Parent 10169, Gecko_IOThread] WARNING: pipe error: Broken pipe: file /builds/worker/workspace/build/src/ipc/chromium/src/chrome/common/ipc_channel_posix.cc, line 728
1575045395679	Marionette	INFO	Stopped listening on port 61514
[Parent 10169, Gecko_IOThread] WARNING: pipe error: Broken pipe: file /builds/worker/workspace/build/src/ipc/chromium/src/chrome/common/ipc_channel_posix.cc, line 728
1575045463611	Marionette	INFO	Stopped listening on port 61553
1575045467210	mozrunner::runner	INFO	Running command: "/Applications/Firefox.app/Contents/MacOS/firefox-bin" "-marionette" "-foreground" "-no-remote" "-profile" "/var/folders/wn/50dgttjn74z20t4zw4dh_jkm0000gn/T/rust_mozprofileL9v4ob"
1575045467528	addons.webextension.screenshots@mozilla.org	WARN	Loading extension 'screenshots@mozilla.org': Reading manifest: Invalid extension permission: mozillaAddons
1575045467528	addons.webextension.screenshots@mozilla.org	WARN	Loading extension 'screenshots@mozilla.org': Reading manifest: Invalid extension permission: telemetry
1575045467528	addons.webextension.screenshots@mozilla.org	WARN	Loading extension 'screenshots@mozilla.org': Reading manifest: Invalid extension permission: resource://pdf.js/
1575045467528	addons.webextension.screenshots@mozilla.org	WARN	Loading extension 'screenshots@mozilla.org': Reading manifest: Invalid extension permission: about:reader*
1575045468725	Marionette	INFO	Listening on port 61692
1575045468756	Marionette	WARN	TLS certificate errors will be ignored for this session
JavaScript warning: https://www.fidelity.com/bin-public/060_www_fidelity_com/js/nav-07.18.min.js, line 2: Using //@ to indicate sourceMappingURL pragmas is deprecated. Use //# instead
[Parent 10189, Gecko_IOThread] WARNING: pipe error: Broken pipe: file /builds/worker/workspace/build/src/ipc/chromium/src/chrome/common/ipc_channel_posix.cc, line 728
JavaScript warning: https://login.fidelity.com/ftgw/pages/widget/js/jquery/jquery-1.10.2.min.js, line 2: Using //@ to indicate sourceMappingURL pragmas is deprecated. Use //# instead
JavaScript warning: https://www.fidelity.com/bin-public/060_www_fidelity_com/js/nav-07.18.min.js, line 2: Using //@ to indicate sourceMappingURL pragmas is deprecated. Use //# instead
JavaScript warning: https://www.fid-inv.com/webcontent/ap110184-client-portfolio/117.1/js/main-dma-min.js, line 3955: Using //@ to indicate sourceMappingURL pragmas is deprecated. Use //# instead
JavaScript error: https://www.fid-inv.com/webcontent/ap110184-client-portfolio/117.1/js/main-dma-min.js, line 157: Error: Syntax error, unrecognized expression: https://scs.fidelity.com/customeronly/statements.shtml?Ref_at=ng
JavaScript warning: https://www.fidelity.com/bin-public/060_www_fidelity_com/js/nav-07.18.min.js, line 2: Using //@ to indicate sourceMappingURL pragmas is deprecated. Use //# instead
[Parent 10189, Gecko_IOThread] WARNING: pipe error: Broken pipe: file /builds/worker/workspace/build/src/ipc/chromium/src/chrome/common/ipc_channel_posix.cc, line 728
1575045501388	Marionette	WARN	TimedPromise timed out after 0 ms: stacktrace:
bail@chrome://marionette/content/sync.js:237:64
1575045501645	Marionette	WARN	TimedPromise timed out after 0 ms: stacktrace:
bail@chrome://marionette/content/sync.js:237:64
JavaScript warning: https://www.fidelity.com/bin-public/060_www_fidelity_com/js/nav-07.18.min.js, line 2: Using //@ to indicate sourceMappingURL pragmas is deprecated. Use //# instead
1575045623170	Marionette	INFO	Stopped listening on port 61692

###!!! [Parent][RunMessage] Error: Channel closing: too late to send/recv, messages will be lost

1575150720077	mozrunner::runner	INFO	Running command: "/Applications/Firefox.app/Contents/MacOS/firefox-bin" "-marionette" "-foreground" "-no-remote" "-profile" "/var/folders/wn/50dgttjn74z20t4zw4dh_jkm0000gn/T/rust_mozprofilec68ONm"
1575150720466	addons.webextension.screenshots@mozilla.org	WARN	Loading extension 'screenshots@mozilla.org': Reading manifest: Invalid extension permission: mozillaAddons
1575150720466	addons.webextension.screenshots@mozilla.org	WARN	Loading extension 'screenshots@mozilla.org': Reading manifest: Invalid extension permission: telemetry
1575150720466	addons.webextension.screenshots@mozilla.org	WARN	Loading extension 'screenshots@mozilla.org': Reading manifest: Invalid extension permission: resource://pdf.js/
1575150720466	addons.webextension.screenshots@mozilla.org	WARN	Loading extension 'screenshots@mozilla.org': Reading manifest: Invalid extension permission: about:reader*
1575150721757	Marionette	INFO	Listening on port 49411
1575150721849	Marionette	WARN	TLS certificate errors will be ignored for this session
JavaScript warning: https://www.fidelity.com/bin-public/060_www_fidelity_com/js/nav-07.18.min.js, line 2: Using //@ to indicate sourceMappingURL pragmas is deprecated. Use //# instead
[Parent 12158, Gecko_IOThread] WARNING: pipe error: Broken pipe: file /builds/worker/workspace/build/src/ipc/chromium/src/chrome/common/ipc_channel_posix.cc, line 728
JavaScript warning: https://login.fidelity.com/ftgw/pages/widget/js/jquery/jquery-1.10.2.min.js, line 2: Using //@ to indicate sourceMappingURL pragmas is deprecated. Use //# instead
JavaScript warning: https://www.fidelity.com/bin-public/060_www_fidelity_com/js/nav-07.18.min.js, line 2: Using //@ to indicate sourceMappingURL pragmas is deprecated. Use //# instead
JavaScript warning: https://www.fid-inv.com/webcontent/ap110184-client-portfolio/117.1/js/main-dma-min.js, line 3955: Using //@ to indicate sourceMappingURL pragmas is deprecated. Use //# instead
JavaScript error: https://www.fid-inv.com/webcontent/ap110184-client-portfolio/117.1/js/main-dma-min.js, line 157: Error: Syntax error, unrecognized expression: https://scs.fidelity.com/customeronly/statements.shtml?Ref_at=ng
JavaScript warning: https://www.fidelity.com/bin-public/060_www_fidelity_com/js/nav-07.18.min.js, line 2: Using //@ to indicate sourceMappingURL pragmas is deprecated. Use //# instead
[Parent 12158, Gecko_IOThread] WARNING: pipe error: Broken pipe: file /builds/worker/workspace/build/src/ipc/chromium/src/chrome/common/ipc_channel_posix.cc, line 728
1575150809676	Marionette	WARN	TimedPromise timed out after 0 ms: stacktrace:
bail@chrome://marionette/content/sync.js:237:64
1575150809948	Marionette	WARN	TimedPromise timed out after 0 ms: stacktrace:
bail@chrome://marionette/content/sync.js:237:64
JavaScript warning: https://www.fidelity.com/bin-public/060_www_fidelity_com/js/nav-07.18.min.js, line 2: Using //@ to indicate sourceMappingURL pragmas is deprecated. Use //# instead
[Parent 12158, Gecko_IOThread] WARNING: pipe error: Broken pipe: file /builds/worker/workspace/build/src/ipc/chromium/src/chrome/common/ipc_channel_posix.cc, line 728
1575150909036	mozrunner::runner	INFO	Running command: "/Applications/Firefox.app/Contents/MacOS/firefox-bin" "-marionette" "-foreground" "-no-remote" "-profile" "/var/folders/wn/50dgttjn74z20t4zw4dh_jkm0000gn/T/rust_mozprofileeNSNzL"
1575150909373	addons.webextension.screenshots@mozilla.org	WARN	Loading extension 'screenshots@mozilla.org': Reading manifest: Invalid extension permission: mozillaAddons
1575150909373	addons.webextension.screenshots@mozilla.org	WARN	Loading extension 'screenshots@mozilla.org': Reading manifest: Invalid extension permission: telemetry
1575150909373	addons.webextension.screenshots@mozilla.org	WARN	Loading extension 'screenshots@mozilla.org': Reading manifest: Invalid extension permission: resource://pdf.js/
1575150909373	addons.webextension.screenshots@mozilla.org	WARN	Loading extension 'screenshots@mozilla.org': Reading manifest: Invalid extension permission: about:reader*
1575150910728	Marionette	INFO	Listening on port 49546
1575150910797	Marionette	WARN	TLS certificate errors will be ignored for this session
JavaScript warning: https://www.fidelity.com/bin-public/060_www_fidelity_com/js/nav-07.18.min.js, line 2: Using //@ to indicate sourceMappingURL pragmas is deprecated. Use //# instead
1575150913355	Marionette	INFO	Stopped listening on port 49411
JavaScript warning: https://login.fidelity.com/ftgw/pages/widget/js/jquery/jquery-1.10.2.min.js, line 2: Using //@ to indicate sourceMappingURL pragmas is deprecated. Use //# instead
JavaScript warning: https://www.fidelity.com/bin-public/060_www_fidelity_com/js/nav-07.18.min.js, line 2: Using //@ to indicate sourceMappingURL pragmas is deprecated. Use //# instead
JavaScript warning: https://www.fid-inv.com/webcontent/ap110184-client-portfolio/117.1/js/main-dma-min.js, line 3955: Using //@ to indicate sourceMappingURL pragmas is deprecated. Use //# instead
JavaScript error: https://www.fid-inv.com/webcontent/ap110184-client-portfolio/117.1/js/main-dma-min.js, line 157: Error: Syntax error, unrecognized expression: https://scs.fidelity.com/customeronly/statements.shtml?Ref_at=ng
JavaScript warning: https://www.fidelity.com/bin-public/060_www_fidelity_com/js/nav-07.18.min.js, line 2: Using //@ to indicate sourceMappingURL pragmas is deprecated. Use //# instead
1575150948919	Marionette	WARN	TimedPromise timed out after 0 ms: stacktrace:
bail@chrome://marionette/content/sync.js:237:64
1575150949185	Marionette	WARN	TimedPromise timed out after 0 ms: stacktrace:
bail@chrome://marionette/content/sync.js:237:64
JavaScript warning: https://www.fidelity.com/bin-public/060_www_fidelity_com/js/nav-07.18.min.js, line 2: Using //@ to indicate sourceMappingURL pragmas is deprecated. Use //# instead
[Parent 12182, Gecko_IOThread] WARNING: pipe error: Broken pipe: file /builds/worker/workspace/build/src/ipc/chromium/src/chrome/common/ipc_channel_posix.cc, line 728
[Parent 12182, Gecko_IOThread] WARNING: pipe error: Broken pipe: file /builds/worker/workspace/build/src/ipc/chromium/src/chrome/common/ipc_channel_posix.cc, line 728
[Parent 12182, Gecko_IOThread] WARNING: pipe error: Broken pipe: file /builds/worker/workspace/build/src/ipc/chromium/src/chrome/common/ipc_channel_posix.cc, line 728
JavaScript error: resource://gre/modules/XULStore.jsm, line 66: Error: Can't find profile directory.
1575151016412	Marionette	INFO	Stopped listening on port 49546
1575151187170	mozrunner::runner	INFO	Running command: "/Applications/Firefox.app/Contents/MacOS/firefox-bin" "-marionette" "-foreground" "-no-remote" "-profile" "/var/folders/wn/50dgttjn74z20t4zw4dh_jkm0000gn/T/rust_mozprofile63NP59"
1575151187493	addons.webextension.screenshots@mozilla.org	WARN	Loading extension 'screenshots@mozilla.org': Reading manifest: Invalid extension permission: mozillaAddons
1575151187493	addons.webextension.screenshots@mozilla.org	WARN	Loading extension 'screenshots@mozilla.org': Reading manifest: Invalid extension permission: telemetry
1575151187493	addons.webextension.screenshots@mozilla.org	WARN	Loading extension 'screenshots@mozilla.org': Reading manifest: Invalid extension permission: resource://pdf.js/
1575151187493	addons.webextension.screenshots@mozilla.org	WARN	Loading extension 'screenshots@mozilla.org': Reading manifest: Invalid extension permission: about:reader*
1575151188799	Marionette	INFO	Listening on port 49722
1575151188830	Marionette	WARN	TLS certificate errors will be ignored for this session
JavaScript warning: https://www.fidelity.com/bin-public/060_www_fidelity_com/js/nav-07.18.min.js, line 2: Using //@ to indicate sourceMappingURL pragmas is deprecated. Use //# instead
JavaScript warning: https://www.fidelity.com/bin-public/060_www_fidelity_com/js/nav-07.18.min.js, line 2: Using //@ to indicate sourceMappingURL pragmas is deprecated. Use //# instead
JavaScript warning: https://www.fid-inv.com/webcontent/ap110184-client-portfolio/117.1/js/main-dma-min.js, line 3955: Using //@ to indicate sourceMappingURL pragmas is deprecated. Use //# instead
JavaScript error: https://www.fid-inv.com/webcontent/ap110184-client-portfolio/117.1/js/main-dma-min.js, line 157: Error: Syntax error, unrecognized expression: https://scs.fidelity.com/customeronly/statements.shtml?Ref_at=ng
JavaScript warning: https://www.fidelity.com/bin-public/060_www_fidelity_com/js/nav-07.18.min.js, line 2: Using //@ to indicate sourceMappingURL pragmas is deprecated. Use //# instead
[Parent 12219, Gecko_IOThread] WARNING: pipe error: Broken pipe: file /builds/worker/workspace/build/src/ipc/chromium/src/chrome/common/ipc_channel_posix.cc, line 728
1575151200957	Marionette	WARN	TimedPromise timed out after 0 ms: stacktrace:
bail@chrome://marionette/content/sync.js:237:64
1575151201216	Marionette	WARN	TimedPromise timed out after 0 ms: stacktrace:
bail@chrome://marionette/content/sync.js:237:64
JavaScript warning: https://www.fidelity.com/bin-public/060_www_fidelity_com/js/nav-07.18.min.js, line 2: Using //@ to indicate sourceMappingURL pragmas is deprecated. Use //# instead
[Parent 12219, Gecko_IOThread] WARNING: pipe error: Broken pipe: file /builds/worker/workspace/build/src/ipc/chromium/src/chrome/common/ipc_channel_posix.cc, line 728
1575151278484	Marionette	INFO	Stopped listening on port 49722
1575151281596	mozrunner::runner	INFO	Running command: "/Applications/Firefox.app/Contents/MacOS/firefox-bin" "-marionette" "-foreground" "-no-remote" "-profile" "/var/folders/wn/50dgttjn74z20t4zw4dh_jkm0000gn/T/rust_mozprofile42YmNv"
1575151281915	addons.webextension.screenshots@mozilla.org	WARN	Loading extension 'screenshots@mozilla.org': Reading manifest: Invalid extension permission: mozillaAddons
1575151281916	addons.webextension.screenshots@mozilla.org	WARN	Loading extension 'screenshots@mozilla.org': Reading manifest: Invalid extension permission: telemetry
1575151281916	addons.webextension.screenshots@mozilla.org	WARN	Loading extension 'screenshots@mozilla.org': Reading manifest: Invalid extension permission: resource://pdf.js/
1575151281916	addons.webextension.screenshots@mozilla.org	WARN	Loading extension 'screenshots@mozilla.org': Reading manifest: Invalid extension permission: about:reader*
1575151283154	Marionette	INFO	Listening on port 49839
1575151283253	Marionette	WARN	TLS certificate errors will be ignored for this session
JavaScript warning: https://www.fidelity.com/bin-public/060_www_fidelity_com/js/nav-07.18.min.js, line 2: Using //@ to indicate sourceMappingURL pragmas is deprecated. Use //# instead
JavaScript warning: https://www.fidelity.com/bin-public/060_www_fidelity_com/js/nav-07.18.min.js, line 2: Using //@ to indicate sourceMappingURL pragmas is deprecated. Use //# instead
JavaScript warning: https://www.fid-inv.com/webcontent/ap110184-client-portfolio/117.1/js/main-dma-min.js, line 3955: Using //@ to indicate sourceMappingURL pragmas is deprecated. Use //# instead
JavaScript error: https://www.fid-inv.com/webcontent/ap110184-client-portfolio/117.1/js/main-dma-min.js, line 157: Error: Syntax error, unrecognized expression: https://scs.fidelity.com/customeronly/statements.shtml?Ref_at=ng
JavaScript warning: https://www.fidelity.com/bin-public/060_www_fidelity_com/js/nav-07.18.min.js, line 2: Using //@ to indicate sourceMappingURL pragmas is deprecated. Use //# instead
[Parent 12237, Gecko_IOThread] WARNING: pipe error: Broken pipe: file /builds/worker/workspace/build/src/ipc/chromium/src/chrome/common/ipc_channel_posix.cc, line 728
1575151296237	Marionette	WARN	TimedPromise timed out after 0 ms: stacktrace:
bail@chrome://marionette/content/sync.js:237:64
1575151296493	Marionette	WARN	TimedPromise timed out after 0 ms: stacktrace:
bail@chrome://marionette/content/sync.js:237:64
JavaScript warning: https://www.fidelity.com/bin-public/060_www_fidelity_com/js/nav-07.18.min.js, line 2: Using //@ to indicate sourceMappingURL pragmas is deprecated. Use //# instead
1575151897955	Marionette	INFO	Stopped listening on port 49839

###!!! [Parent][RunMessage] Error: Channel closing: too late to send/recv, messages will be lost

1575152031676	mozrunner::runner	INFO	Running command: "/Applications/Firefox.app/Contents/MacOS/firefox-bin" "-marionette" "-foreground" "-no-remote" "-profile" "/var/folders/wn/50dgttjn74z20t4zw4dh_jkm0000gn/T/rust_mozprofileOzl0Hm"
1575152032011	addons.webextension.screenshots@mozilla.org	WARN	Loading extension 'screenshots@mozilla.org': Reading manifest: Invalid extension permission: mozillaAddons
1575152032012	addons.webextension.screenshots@mozilla.org	WARN	Loading extension 'screenshots@mozilla.org': Reading manifest: Invalid extension permission: telemetry
1575152032012	addons.webextension.screenshots@mozilla.org	WARN	Loading extension 'screenshots@mozilla.org': Reading manifest: Invalid extension permission: resource://pdf.js/
1575152032012	addons.webextension.screenshots@mozilla.org	WARN	Loading extension 'screenshots@mozilla.org': Reading manifest: Invalid extension permission: about:reader*
1575152033193	Marionette	INFO	Listening on port 49983
1575152033234	Marionette	WARN	TLS certificate errors will be ignored for this session
JavaScript warning: https://www.fidelity.com/bin-public/060_www_fidelity_com/js/nav-07.18.min.js, line 2: Using //@ to indicate sourceMappingURL pragmas is deprecated. Use //# instead
1575152058082	Marionette	INFO	Stopped listening on port 49983
1575152093447	mozrunner::runner	INFO	Running command: "/Applications/Firefox.app/Contents/MacOS/firefox-bin" "-marionette" "-foreground" "-no-remote" "-profile" "/var/folders/wn/50dgttjn74z20t4zw4dh_jkm0000gn/T/rust_mozprofile2pKsGI"
1575152093762	addons.webextension.screenshots@mozilla.org	WARN	Loading extension 'screenshots@mozilla.org': Reading manifest: Invalid extension permission: mozillaAddons
1575152093762	addons.webextension.screenshots@mozilla.org	WARN	Loading extension 'screenshots@mozilla.org': Reading manifest: Invalid extension permission: telemetry
1575152093762	addons.webextension.screenshots@mozilla.org	WARN	Loading extension 'screenshots@mozilla.org': Reading manifest: Invalid extension permission: resource://pdf.js/
1575152093762	addons.webextension.screenshots@mozilla.org	WARN	Loading extension 'screenshots@mozilla.org': Reading manifest: Invalid extension permission: about:reader*
1575152094939	Marionette	INFO	Listening on port 50047
1575152095007	Marionette	WARN	TLS certificate errors will be ignored for this session
JavaScript warning: https://www.fidelity.com/bin-public/060_www_fidelity_com/js/nav-07.18.min.js, line 2: Using //@ to indicate sourceMappingURL pragmas is deprecated. Use //# instead
JavaScript warning: https://www.fidelity.com/bin-public/060_www_fidelity_com/js/nav-07.18.min.js, line 2: Using //@ to indicate sourceMappingURL pragmas is deprecated. Use //# instead
JavaScript warning: https://www.fid-inv.com/webcontent/ap110184-client-portfolio/117.1/js/main-dma-min.js, line 3955: Using //@ to indicate sourceMappingURL pragmas is deprecated. Use //# instead
JavaScript error: https://www.fid-inv.com/webcontent/ap110184-client-portfolio/117.1/js/main-dma-min.js, line 157: Error: Syntax error, unrecognized expression: https://scs.fidelity.com/customeronly/statements.shtml?Ref_at=ng
JavaScript warning: https://www.fidelity.com/bin-public/060_www_fidelity_com/js/nav-07.18.min.js, line 2: Using //@ to indicate sourceMappingURL pragmas is deprecated. Use //# instead
[Parent 12329, Gecko_IOThread] WARNING: pipe error: Broken pipe: file /builds/worker/workspace/build/src/ipc/chromium/src/chrome/common/ipc_channel_posix.cc, line 728
JavaScript warning: https://www.fidelity.com/bin-public/060_www_fidelity_com/js/nav-07.18.min.js, line 2: Using //@ to indicate sourceMappingURL pragmas is deprecated. Use //# instead
[Parent 12329, Gecko_IOThread] WARNING: pipe error: Broken pipe: file /builds/worker/workspace/build/src/ipc/chromium/src/chrome/common/ipc_channel_posix.cc, line 728
1575152478506	Marionette	INFO	Stopped listening on port 50047

###!!! [Parent][RunMessage] Error: Channel closing: too late to send/recv, messages will be lost

1575152482413	mozrunner::runner	INFO	Running command: "/Applications/Firefox.app/Contents/MacOS/firefox-bin" "-marionette" "-foreground" "-no-remote" "-profile" "/var/folders/wn/50dgttjn74z20t4zw4dh_jkm0000gn/T/rust_mozprofilexPzWFo"
1575152482739	addons.webextension.screenshots@mozilla.org	WARN	Loading extension 'screenshots@mozilla.org': Reading manifest: Invalid extension permission: mozillaAddons
1575152482739	addons.webextension.screenshots@mozilla.org	WARN	Loading extension 'screenshots@mozilla.org': Reading manifest: Invalid extension permission: telemetry
1575152482739	addons.webextension.screenshots@mozilla.org	WARN	Loading extension 'screenshots@mozilla.org': Reading manifest: Invalid extension permission: resource://pdf.js/
1575152482739	addons.webextension.screenshots@mozilla.org	WARN	Loading extension 'screenshots@mozilla.org': Reading manifest: Invalid extension permission: about:reader*
1575152483993	Marionette	INFO	Listening on port 50186
1575152484061	Marionette	WARN	TLS certificate errors will be ignored for this session
JavaScript warning: https://www.fidelity.com/bin-public/060_www_fidelity_com/js/nav-07.18.min.js, line 2: Using //@ to indicate sourceMappingURL pragmas is deprecated. Use //# instead
[Parent 12404, Gecko_IOThread] WARNING: pipe error: Broken pipe: file /builds/worker/workspace/build/src/ipc/chromium/src/chrome/common/ipc_channel_posix.cc, line 728
JavaScript warning: https://www.fidelity.com/bin-public/060_www_fidelity_com/js/nav-07.18.min.js, line 2: Using //@ to indicate sourceMappingURL pragmas is deprecated. Use //# instead
JavaScript error: https://www.fidelity.com/bin-public/060_www_fidelity_com/js/nav-07.18.min.js line 4 > eval, line 2: TypeError: $ is undefined
JavaScript warning: https://www.fidelity.com/bin-public/060_www_fidelity_com/js/nav-07.18.min.js, line 2: Using //@ to indicate sourceMappingURL pragmas is deprecated. Use //# instead
1575152499892	Marionette	WARN	TimedPromise timed out after 0 ms: stacktrace:
bail@chrome://marionette/content/sync.js:237:64
[Parent 12404, Gecko_IOThread] WARNING: pipe error: Broken pipe: file /builds/worker/workspace/build/src/ipc/chromium/src/chrome/common/ipc_channel_posix.cc, line 728
1575152500184	Marionette	WARN	TimedPromise timed out after 0 ms: stacktrace:
bail@chrome://marionette/content/sync.js:237:64
JavaScript warning: https://www.fidelity.com/bin-public/060_www_fidelity_com/js/nav-07.18.min.js, line 2: Using //@ to indicate sourceMappingURL pragmas is deprecated. Use //# instead
1575152599477	Marionette	INFO	Stopped listening on port 50186
1575152603130	mozrunner::runner	INFO	Running command: "/Applications/Firefox.app/Contents/MacOS/firefox-bin" "-marionette" "-foreground" "-no-remote" "-profile" "/var/folders/wn/50dgttjn74z20t4zw4dh_jkm0000gn/T/rust_mozprofilekIuYyA"
1575152603457	addons.webextension.screenshots@mozilla.org	WARN	Loading extension 'screenshots@mozilla.org': Reading manifest: Invalid extension permission: mozillaAddons
1575152603457	addons.webextension.screenshots@mozilla.org	WARN	Loading extension 'screenshots@mozilla.org': Reading manifest: Invalid extension permission: telemetry
1575152603457	addons.webextension.screenshots@mozilla.org	WARN	Loading extension 'screenshots@mozilla.org': Reading manifest: Invalid extension permission: resource://pdf.js/
1575152603457	addons.webextension.screenshots@mozilla.org	WARN	Loading extension 'screenshots@mozilla.org': Reading manifest: Invalid extension permission: about:reader*
1575152604647	Marionette	INFO	Listening on port 50289
1575152604686	Marionette	WARN	TLS certificate errors will be ignored for this session
JavaScript warning: https://www.fidelity.com/bin-public/060_www_fidelity_com/js/nav-07.18.min.js, line 2: Using //@ to indicate sourceMappingURL pragmas is deprecated. Use //# instead
JavaScript warning: https://www.fidelity.com/bin-public/060_www_fidelity_com/js/nav-07.18.min.js, line 2: Using //@ to indicate sourceMappingURL pragmas is deprecated. Use //# instead
JavaScript warning: https://www.fid-inv.com/webcontent/ap110184-client-portfolio/117.1/js/main-dma-min.js, line 3955: Using //@ to indicate sourceMappingURL pragmas is deprecated. Use //# instead
JavaScript error: https://www.fid-inv.com/webcontent/ap110184-client-portfolio/117.1/js/main-dma-min.js, line 157: Error: Syntax error, unrecognized expression: https://scs.fidelity.com/customeronly/statements.shtml?Ref_at=ng
JavaScript warning: https://www.fidelity.com/bin-public/060_www_fidelity_com/js/nav-07.18.min.js, line 2: Using //@ to indicate sourceMappingURL pragmas is deprecated. Use //# instead
1575152617699	Marionette	WARN	TimedPromise timed out after 0 ms: stacktrace:
bail@chrome://marionette/content/sync.js:237:64
1575152617948	Marionette	WARN	TimedPromise timed out after 0 ms: stacktrace:
bail@chrome://marionette/content/sync.js:237:64
JavaScript warning: https://www.fidelity.com/bin-public/060_www_fidelity_com/js/nav-07.18.min.js, line 2: Using //@ to indicate sourceMappingURL pragmas is deprecated. Use //# instead
[Parent 12440, Gecko_IOThread] WARNING: pipe error: Broken pipe: file /builds/worker/workspace/build/src/ipc/chromium/src/chrome/common/ipc_channel_posix.cc, line 728
1575152642274	Marionette	INFO	Stopped listening on port 50289
1575152853303	mozrunner::runner	INFO	Running command: "/Applications/Firefox.app/Contents/MacOS/firefox-bin" "-marionette" "-foreground" "-no-remote" "-profile" "/var/folders/wn/50dgttjn74z20t4zw4dh_jkm0000gn/T/rust_mozprofileNJ2q7k"
1575152853628	addons.webextension.screenshots@mozilla.org	WARN	Loading extension 'screenshots@mozilla.org': Reading manifest: Invalid extension permission: mozillaAddons
1575152853629	addons.webextension.screenshots@mozilla.org	WARN	Loading extension 'screenshots@mozilla.org': Reading manifest: Invalid extension permission: telemetry
1575152853629	addons.webextension.screenshots@mozilla.org	WARN	Loading extension 'screenshots@mozilla.org': Reading manifest: Invalid extension permission: resource://pdf.js/
1575152853629	addons.webextension.screenshots@mozilla.org	WARN	Loading extension 'screenshots@mozilla.org': Reading manifest: Invalid extension permission: about:reader*
1575152854802	Marionette	INFO	Listening on port 50433
1575152854854	Marionette	WARN	TLS certificate errors will be ignored for this session
JavaScript warning: https://www.fidelity.com/bin-public/060_www_fidelity_com/js/nav-07.18.min.js, line 2: Using //@ to indicate sourceMappingURL pragmas is deprecated. Use //# instead
[Parent 12518, Gecko_IOThread] WARNING: pipe error: Broken pipe: file /builds/worker/workspace/build/src/ipc/chromium/src/chrome/common/ipc_channel_posix.cc, line 728
JavaScript warning: https://www.fidelity.com/bin-public/060_www_fidelity_com/js/nav-07.18.min.js, line 2: Using //@ to indicate sourceMappingURL pragmas is deprecated. Use //# instead
JavaScript warning: https://www.fid-inv.com/webcontent/ap110184-client-portfolio/117.1/js/main-dma-min.js, line 3955: Using //@ to indicate sourceMappingURL pragmas is deprecated. Use //# instead
JavaScript error: https://www.fid-inv.com/webcontent/ap110184-client-portfolio/117.1/js/main-dma-min.js, line 157: Error: Syntax error, unrecognized expression: https://scs.fidelity.com/customeronly/statements.shtml?Ref_at=ng
JavaScript warning: https://www.fidelity.com/bin-public/060_www_fidelity_com/js/nav-07.18.min.js, line 2: Using //@ to indicate sourceMappingURL pragmas is deprecated. Use //# instead
1575152867589	Marionette	WARN	TimedPromise timed out after 0 ms: stacktrace:
bail@chrome://marionette/content/sync.js:237:64
1575152867853	Marionette	WARN	TimedPromise timed out after 0 ms: stacktrace:
bail@chrome://marionette/content/sync.js:237:64
JavaScript warning: https://www.fidelity.com/bin-public/060_www_fidelity_com/js/nav-07.18.min.js, line 2: Using //@ to indicate sourceMappingURL pragmas is deprecated. Use //# instead
1575153333794	mozrunner::runner	INFO	Running command: "/Applications/Firefox.app/Contents/MacOS/firefox-bin" "-marionette" "-foreground" "-no-remote" "-profile" "/var/folders/wn/50dgttjn74z20t4zw4dh_jkm0000gn/T/rust_mozprofileyU3DSc"
1575153334125	addons.webextension.screenshots@mozilla.org	WARN	Loading extension 'screenshots@mozilla.org': Reading manifest: Invalid extension permission: mozillaAddons
1575153334125	addons.webextension.screenshots@mozilla.org	WARN	Loading extension 'screenshots@mozilla.org': Reading manifest: Invalid extension permission: telemetry
1575153334125	addons.webextension.screenshots@mozilla.org	WARN	Loading extension 'screenshots@mozilla.org': Reading manifest: Invalid extension permission: resource://pdf.js/
1575153334125	addons.webextension.screenshots@mozilla.org	WARN	Loading extension 'screenshots@mozilla.org': Reading manifest: Invalid extension permission: about:reader*
1575153335306	Marionette	INFO	Listening on port 50544
1575153335339	Marionette	WARN	TLS certificate errors will be ignored for this session
1575153384715	mozrunner::runner	INFO	Running command: "/Applications/Firefox.app/Contents/MacOS/firefox-bin" "-marionette" "-foreground" "-no-remote" "-profile" "/var/folders/wn/50dgttjn74z20t4zw4dh_jkm0000gn/T/rust_mozprofilen0lvJn"
1575153385130	addons.webextension.screenshots@mozilla.org	WARN	Loading extension 'screenshots@mozilla.org': Reading manifest: Invalid extension permission: mozillaAddons
1575153385130	addons.webextension.screenshots@mozilla.org	WARN	Loading extension 'screenshots@mozilla.org': Reading manifest: Invalid extension permission: telemetry
1575153385130	addons.webextension.screenshots@mozilla.org	WARN	Loading extension 'screenshots@mozilla.org': Reading manifest: Invalid extension permission: resource://pdf.js/
1575153385130	addons.webextension.screenshots@mozilla.org	WARN	Loading extension 'screenshots@mozilla.org': Reading manifest: Invalid extension permission: about:reader*
1575153386432	Marionette	INFO	Listening on port 50582
1575153386481	Marionette	WARN	TLS certificate errors will be ignored for this session
JavaScript warning: https://www.fidelity.com/bin-public/060_www_fidelity_com/js/nav-07.18.min.js, line 2: Using //@ to indicate sourceMappingURL pragmas is deprecated. Use //# instead
[GFX1-]: Receive IPC close with reason=AbnormalShutdown
Exiting due to channel error.
Exiting due to channel error.
[GFX1-]: Receive IPC close with reason=AbnormalShutdown
Exiting due to channel error.
1575153411065	Marionette	INFO	Stopped listening on port 50544
1575153413228	Marionette	INFO	Stopped listening on port 50433
1575153418108	mozrunner::runner	INFO	Running command: "/Applications/Firefox.app/Contents/MacOS/firefox-bin" "-marionette" "-foreground" "-no-remote" "-profile" "/var/folders/wn/50dgttjn74z20t4zw4dh_jkm0000gn/T/rust_mozprofileMo2LI4"
1575153418438	addons.webextension.screenshots@mozilla.org	WARN	Loading extension 'screenshots@mozilla.org': Reading manifest: Invalid extension permission: mozillaAddons
1575153418438	addons.webextension.screenshots@mozilla.org	WARN	Loading extension 'screenshots@mozilla.org': Reading manifest: Invalid extension permission: telemetry
1575153418438	addons.webextension.screenshots@mozilla.org	WARN	Loading extension 'screenshots@mozilla.org': Reading manifest: Invalid extension permission: resource://pdf.js/
1575153418439	addons.webextension.screenshots@mozilla.org	WARN	Loading extension 'screenshots@mozilla.org': Reading manifest: Invalid extension permission: about:reader*
1575153419747	Marionette	INFO	Listening on port 50649
1575153419775	Marionette	WARN	TLS certificate errors will be ignored for this session
JavaScript warning: https://www.fidelity.com/bin-public/060_www_fidelity_com/js/nav-07.18.min.js, line 2: Using //@ to indicate sourceMappingURL pragmas is deprecated. Use //# instead
JavaScript warning: https://www.fidelity.com/bin-public/060_www_fidelity_com/js/nav-07.18.min.js, line 2: Using //@ to indicate sourceMappingURL pragmas is deprecated. Use //# instead
JavaScript warning: https://www.fid-inv.com/webcontent/ap110184-client-portfolio/117.1/js/main-dma-min.js, line 3955: Using //@ to indicate sourceMappingURL pragmas is deprecated. Use //# instead
JavaScript error: https://www.fid-inv.com/webcontent/ap110184-client-portfolio/117.1/js/main-dma-min.js, line 157: Error: Syntax error, unrecognized expression: https://scs.fidelity.com/customeronly/statements.shtml?Ref_at=ng
JavaScript warning: https://www.fidelity.com/bin-public/060_www_fidelity_com/js/nav-07.18.min.js, line 2: Using //@ to indicate sourceMappingURL pragmas is deprecated. Use //# instead
1575153431906	Marionette	WARN	TimedPromise timed out after 0 ms: stacktrace:
bail@chrome://marionette/content/sync.js:237:64
1575153432172	Marionette	WARN	TimedPromise timed out after 0 ms: stacktrace:
bail@chrome://marionette/content/sync.js:237:64
JavaScript warning: https://www.fidelity.com/bin-public/060_www_fidelity_com/js/nav-07.18.min.js, line 2: Using //@ to indicate sourceMappingURL pragmas is deprecated. Use //# instead
1575153581118	Marionette	INFO	Stopped listening on port 50649
1575153587211	mozrunner::runner	INFO	Running command: "/Applications/Firefox.app/Contents/MacOS/firefox-bin" "-marionette" "-foreground" "-no-remote" "-profile" "/var/folders/wn/50dgttjn74z20t4zw4dh_jkm0000gn/T/rust_mozprofileRBKlhH"
1575153587549	addons.webextension.screenshots@mozilla.org	WARN	Loading extension 'screenshots@mozilla.org': Reading manifest: Invalid extension permission: mozillaAddons
1575153587550	addons.webextension.screenshots@mozilla.org	WARN	Loading extension 'screenshots@mozilla.org': Reading manifest: Invalid extension permission: telemetry
1575153587550	addons.webextension.screenshots@mozilla.org	WARN	Loading extension 'screenshots@mozilla.org': Reading manifest: Invalid extension permission: resource://pdf.js/
1575153587550	addons.webextension.screenshots@mozilla.org	WARN	Loading extension 'screenshots@mozilla.org': Reading manifest: Invalid extension permission: about:reader*
1575153588771	Marionette	INFO	Listening on port 50749
1575153588867	Marionette	WARN	TLS certificate errors will be ignored for this session
JavaScript warning: https://www.fidelity.com/bin-public/060_www_fidelity_com/js/nav-07.18.min.js, line 2: Using //@ to indicate sourceMappingURL pragmas is deprecated. Use //# instead

###!!! [Child][RunMessage] Error: Channel closing: too late to send/recv, messages will be lost


###!!! [Child][RunMessage] Error: Channel closing: too late to send/recv, messages will be lost

1575153593334	Marionette	INFO	Stopped listening on port 50749
1575153599995	mozrunner::runner	INFO	Running command: "/Applications/Firefox.app/Contents/MacOS/firefox-bin" "-marionette" "-foreground" "-no-remote" "-profile" "/var/folders/wn/50dgttjn74z20t4zw4dh_jkm0000gn/T/rust_mozprofileh0o6SS"
1575153600308	addons.webextension.screenshots@mozilla.org	WARN	Loading extension 'screenshots@mozilla.org': Reading manifest: Invalid extension permission: mozillaAddons
1575153600308	addons.webextension.screenshots@mozilla.org	WARN	Loading extension 'screenshots@mozilla.org': Reading manifest: Invalid extension permission: telemetry
1575153600309	addons.webextension.screenshots@mozilla.org	WARN	Loading extension 'screenshots@mozilla.org': Reading manifest: Invalid extension permission: resource://pdf.js/
1575153600309	addons.webextension.screenshots@mozilla.org	WARN	Loading extension 'screenshots@mozilla.org': Reading manifest: Invalid extension permission: about:reader*
1575153601499	Marionette	INFO	Listening on port 50807
1575153601538	Marionette	WARN	TLS certificate errors will be ignored for this session
JavaScript warning: https://www.fidelity.com/bin-public/060_www_fidelity_com/js/nav-07.18.min.js, line 2: Using //@ to indicate sourceMappingURL pragmas is deprecated. Use //# instead
[Parent 12765, Gecko_IOThread] WARNING: pipe error: Broken pipe: file /builds/worker/workspace/build/src/ipc/chromium/src/chrome/common/ipc_channel_posix.cc, line 728
JavaScript warning: https://www.fidelity.com/bin-public/060_www_fidelity_com/js/nav-07.18.min.js, line 2: Using //@ to indicate sourceMappingURL pragmas is deprecated. Use //# instead
JavaScript warning: https://www.fid-inv.com/webcontent/ap110184-client-portfolio/117.1/js/main-dma-min.js, line 3955: Using //@ to indicate sourceMappingURL pragmas is deprecated. Use //# instead
JavaScript error: https://www.fid-inv.com/webcontent/ap110184-client-portfolio/117.1/js/main-dma-min.js, line 157: Error: Syntax error, unrecognized expression: https://scs.fidelity.com/customeronly/statements.shtml?Ref_at=ng
JavaScript warning: https://www.fidelity.com/bin-public/060_www_fidelity_com/js/nav-07.18.min.js, line 2: Using //@ to indicate sourceMappingURL pragmas is deprecated. Use //# instead
1575153616164	Marionette	WARN	TimedPromise timed out after 0 ms: stacktrace:
bail@chrome://marionette/content/sync.js:237:64
1575153616482	Marionette	WARN	TimedPromise timed out after 0 ms: stacktrace:
bail@chrome://marionette/content/sync.js:237:64
JavaScript warning: https://www.fidelity.com/bin-public/060_www_fidelity_com/js/nav-07.18.min.js, line 2: Using //@ to indicate sourceMappingURL pragmas is deprecated. Use //# instead
1575153863338	Marionette	INFO	Stopped listening on port 50807
1575239104365	Marionette	INFO	Stopped listening on port 58981
1575239124264	mozrunner::runner	INFO	Running command: "/Applications/Firefox.app/Contents/MacOS/firefox-bin" "-marionette" "-foreground" "-no-remote" "-profile" "/var/folders/wn/50dgttjn74z20t4zw4dh_jkm0000gn/T/rust_mozprofileuvWJS1"
1575239124636	addons.webextension.screenshots@mozilla.org	WARN	Loading extension 'screenshots@mozilla.org': Reading manifest: Invalid extension permission: mozillaAddons
1575239124637	addons.webextension.screenshots@mozilla.org	WARN	Loading extension 'screenshots@mozilla.org': Reading manifest: Invalid extension permission: telemetry
1575239124637	addons.webextension.screenshots@mozilla.org	WARN	Loading extension 'screenshots@mozilla.org': Reading manifest: Invalid extension permission: resource://pdf.js/
1575239124637	addons.webextension.screenshots@mozilla.org	WARN	Loading extension 'screenshots@mozilla.org': Reading manifest: Invalid extension permission: about:reader*
1575239125907	Marionette	INFO	Listening on port 53192
1575239125916	Marionette	WARN	TLS certificate errors will be ignored for this session
JavaScript warning: https://www.fidelity.com/bin-public/060_www_fidelity_com/js/nav-07.18.min.js, line 2: Using //@ to indicate sourceMappingURL pragmas is deprecated. Use //# instead
[Parent 25271, Gecko_IOThread] WARNING: pipe error: Broken pipe: file /builds/worker/workspace/build/src/ipc/chromium/src/chrome/common/ipc_channel_posix.cc, line 728
JavaScript warning: https://www.fidelity.com/bin-public/060_www_fidelity_com/js/nav-07.18.min.js, line 2: Using //@ to indicate sourceMappingURL pragmas is deprecated. Use //# instead
JavaScript warning: https://www.fid-inv.com/webcontent/ap110184-client-portfolio/117.1/js/main-dma-min.js, line 3955: Using //@ to indicate sourceMappingURL pragmas is deprecated. Use //# instead
JavaScript warning: https://www.fidelity.com/bin-public/060_www_fidelity_com/js/nav-07.18.min.js, line 2: Using //@ to indicate sourceMappingURL pragmas is deprecated. Use //# instead
1575239141524	Marionette	WARN	TimedPromise timed out after 0 ms: stacktrace:
bail@chrome://marionette/content/sync.js:237:64
1575239141777	Marionette	WARN	TimedPromise timed out after 0 ms: stacktrace:
bail@chrome://marionette/content/sync.js:237:64
JavaScript warning: https://www.fidelity.com/bin-public/060_www_fidelity_com/js/nav-07.18.min.js, line 2: Using //@ to indicate sourceMappingURL pragmas is deprecated. Use //# instead
[GFX1-]: Receive IPC close with reason=AbnormalShutdown
Exiting due to channel error.
[GFX1-]: Receive IPC close with reason=AbnormalShutdown
[GFX1-]: Receive IPC close with reason=AbnormalShutdown
Exiting due to channel error.
Exiting due to channel error.
1575239505904	mozrunner::runner	INFO	Running command: "/Applications/Firefox.app/Contents/MacOS/firefox-bin" "-marionette" "-foreground" "-no-remote" "-profile" "/var/folders/wn/50dgttjn74z20t4zw4dh_jkm0000gn/T/rust_mozprofiletJMmkl"
1575239506217	addons.webextension.screenshots@mozilla.org	WARN	Loading extension 'screenshots@mozilla.org': Reading manifest: Invalid extension permission: mozillaAddons
1575239506217	addons.webextension.screenshots@mozilla.org	WARN	Loading extension 'screenshots@mozilla.org': Reading manifest: Invalid extension permission: telemetry
1575239506217	addons.webextension.screenshots@mozilla.org	WARN	Loading extension 'screenshots@mozilla.org': Reading manifest: Invalid extension permission: resource://pdf.js/
1575239506217	addons.webextension.screenshots@mozilla.org	WARN	Loading extension 'screenshots@mozilla.org': Reading manifest: Invalid extension permission: about:reader*
1575239507437	Marionette	INFO	Listening on port 53406
1575239507442	Marionette	WARN	TLS certificate errors will be ignored for this session
JavaScript warning: https://www.fidelity.com/bin-public/060_www_fidelity_com/js/nav-07.18.min.js, line 2: Using //@ to indicate sourceMappingURL pragmas is deprecated. Use //# instead
[GFX1-]: Receive IPC close with reason=AbnormalShutdown
[Child 25409, Chrome_ChildThread] WARNING: pipe error: Broken pipe: file /builds/worker/workspace/build/src/ipc/chromium/src/chrome/common/ipc_channel_posix.cc, line 728
Exiting due to channel error.
[GFX1-]: Receive IPC close with reason=AbnormalShutdown
Exiting due to channel error.
[GFX1-]: Receive IPC close with reason=AbnormalShutdown
Exiting due to channel error.
1575239678345	mozrunner::runner	INFO	Running command: "/Applications/Firefox.app/Contents/MacOS/firefox-bin" "-marionette" "-foreground" "-no-remote" "-profile" "/var/folders/wn/50dgttjn74z20t4zw4dh_jkm0000gn/T/rust_mozprofileariKcz"
1575239678658	addons.webextension.screenshots@mozilla.org	WARN	Loading extension 'screenshots@mozilla.org': Reading manifest: Invalid extension permission: mozillaAddons
1575239678658	addons.webextension.screenshots@mozilla.org	WARN	Loading extension 'screenshots@mozilla.org': Reading manifest: Invalid extension permission: telemetry
1575239678658	addons.webextension.screenshots@mozilla.org	WARN	Loading extension 'screenshots@mozilla.org': Reading manifest: Invalid extension permission: resource://pdf.js/
1575239678658	addons.webextension.screenshots@mozilla.org	WARN	Loading extension 'screenshots@mozilla.org': Reading manifest: Invalid extension permission: about:reader*
1575239679807	Marionette	INFO	Listening on port 53484
1575239679884	Marionette	WARN	TLS certificate errors will be ignored for this session
[GFX1-]: Receive IPC close with reason=AbnormalShutdown
Exiting due to channel error.
[GFX1-]: Receive IPC close with reason=AbnormalShutdown
[GFX1-]: Receive IPC close with reason=AbnormalShutdown
Exiting due to channel error.
Exiting due to channel error.
1575239684260	mozrunner::runner	INFO	Running command: "/Applications/Firefox.app/Contents/MacOS/firefox-bin" "-marionette" "-foreground" "-no-remote" "-profile" "/var/folders/wn/50dgttjn74z20t4zw4dh_jkm0000gn/T/rust_mozprofiledz4CaG"
1575239684586	addons.webextension.screenshots@mozilla.org	WARN	Loading extension 'screenshots@mozilla.org': Reading manifest: Invalid extension permission: mozillaAddons
1575239684586	addons.webextension.screenshots@mozilla.org	WARN	Loading extension 'screenshots@mozilla.org': Reading manifest: Invalid extension permission: telemetry
1575239684586	addons.webextension.screenshots@mozilla.org	WARN	Loading extension 'screenshots@mozilla.org': Reading manifest: Invalid extension permission: resource://pdf.js/
1575239684586	addons.webextension.screenshots@mozilla.org	WARN	Loading extension 'screenshots@mozilla.org': Reading manifest: Invalid extension permission: about:reader*
1575239685759	Marionette	INFO	Listening on port 53535
1575239685808	Marionette	WARN	TLS certificate errors will be ignored for this session
JavaScript warning: https://www.fidelity.com/bin-public/060_www_fidelity_com/js/nav-07.18.min.js, line 2: Using //@ to indicate sourceMappingURL pragmas is deprecated. Use //# instead
JavaScript warning: https://www.fidelity.com/bin-public/060_www_fidelity_com/js/nav-07.18.min.js, line 2: Using //@ to indicate sourceMappingURL pragmas is deprecated. Use //# instead
JavaScript warning: https://www.fid-inv.com/webcontent/ap110184-client-portfolio/117.1/js/main-dma-min.js, line 3955: Using //@ to indicate sourceMappingURL pragmas is deprecated. Use //# instead
JavaScript error: https://www.fid-inv.com/webcontent/ap110184-client-portfolio/117.1/js/main-dma-min.js, line 157: Error: Syntax error, unrecognized expression: https://scs.fidelity.com/customeronly/statements.shtml?Ref_at=ng
JavaScript warning: https://www.fidelity.com/bin-public/060_www_fidelity_com/js/nav-07.18.min.js, line 2: Using //@ to indicate sourceMappingURL pragmas is deprecated. Use //# instead
1575239698698	Marionette	WARN	TimedPromise timed out after 0 ms: stacktrace:
bail@chrome://marionette/content/sync.js:237:64
1575239698965	Marionette	WARN	TimedPromise timed out after 0 ms: stacktrace:
bail@chrome://marionette/content/sync.js:237:64
JavaScript warning: https://www.fidelity.com/bin-public/060_www_fidelity_com/js/nav-07.18.min.js, line 2: Using //@ to indicate sourceMappingURL pragmas is deprecated. Use //# instead
1575239794916	Marionette	INFO	Stopped listening on port 53535

###!!! [Parent][RunMessage] Error: Channel closing: too late to send/recv, messages will be lost

1575239854723	mozrunner::runner	INFO	Running command: "/Applications/Firefox.app/Contents/MacOS/firefox-bin" "-marionette" "-foreground" "-no-remote" "-profile" "/var/folders/wn/50dgttjn74z20t4zw4dh_jkm0000gn/T/rust_mozprofilel3nwXC"
1575239855038	addons.webextension.screenshots@mozilla.org	WARN	Loading extension 'screenshots@mozilla.org': Reading manifest: Invalid extension permission: mozillaAddons
1575239855038	addons.webextension.screenshots@mozilla.org	WARN	Loading extension 'screenshots@mozilla.org': Reading manifest: Invalid extension permission: telemetry
1575239855038	addons.webextension.screenshots@mozilla.org	WARN	Loading extension 'screenshots@mozilla.org': Reading manifest: Invalid extension permission: resource://pdf.js/
1575239855038	addons.webextension.screenshots@mozilla.org	WARN	Loading extension 'screenshots@mozilla.org': Reading manifest: Invalid extension permission: about:reader*
1575239856182	Marionette	INFO	Listening on port 53621
1575239856271	Marionette	WARN	TLS certificate errors will be ignored for this session
JavaScript warning: https://www.fidelity.com/bin-public/060_www_fidelity_com/js/nav-07.18.min.js, line 2: Using //@ to indicate sourceMappingURL pragmas is deprecated. Use //# instead
JavaScript warning: https://www.fidelity.com/bin-public/060_www_fidelity_com/js/nav-07.18.min.js, line 2: Using //@ to indicate sourceMappingURL pragmas is deprecated. Use //# instead
JavaScript warning: https://www.fid-inv.com/webcontent/ap110184-client-portfolio/117.1/js/main-dma-min.js, line 3955: Using //@ to indicate sourceMappingURL pragmas is deprecated. Use //# instead
JavaScript error: https://www.fid-inv.com/webcontent/ap110184-client-portfolio/117.1/js/main-dma-min.js, line 157: Error: Syntax error, unrecognized expression: https://scs.fidelity.com/customeronly/statements.shtml?Ref_at=ng
JavaScript warning: https://www.fidelity.com/bin-public/060_www_fidelity_com/js/nav-07.18.min.js, line 2: Using //@ to indicate sourceMappingURL pragmas is deprecated. Use //# instead
1575239867537	Marionette	WARN	TimedPromise timed out after 0 ms: stacktrace:
bail@chrome://marionette/content/sync.js:237:64
1575239867792	Marionette	WARN	TimedPromise timed out after 0 ms: stacktrace:
bail@chrome://marionette/content/sync.js:237:64
JavaScript warning: https://www.fidelity.com/bin-public/060_www_fidelity_com/js/nav-07.18.min.js, line 2: Using //@ to indicate sourceMappingURL pragmas is deprecated. Use //# instead
1575254537646	mozrunner::runner	INFO	Running command: "/Applications/Firefox.app/Contents/MacOS/firefox-bin" "-marionette" "-foreground" "-no-remote" "-profile" "/var/folders/wn/50dgttjn74z20t4zw4dh_jkm0000gn/T/rust_mozprofile6v5Ag7"
1575254538011	addons.webextension.screenshots@mozilla.org	WARN	Loading extension 'screenshots@mozilla.org': Reading manifest: Invalid extension permission: mozillaAddons
1575254538011	addons.webextension.screenshots@mozilla.org	WARN	Loading extension 'screenshots@mozilla.org': Reading manifest: Invalid extension permission: telemetry
1575254538012	addons.webextension.screenshots@mozilla.org	WARN	Loading extension 'screenshots@mozilla.org': Reading manifest: Invalid extension permission: resource://pdf.js/
1575254538012	addons.webextension.screenshots@mozilla.org	WARN	Loading extension 'screenshots@mozilla.org': Reading manifest: Invalid extension permission: about:reader*
1575254539408	Marionette	INFO	Listening on port 54211
1575254539512	Marionette	WARN	TLS certificate errors will be ignored for this session
JavaScript warning: https://www.fidelity.com/bin-public/060_www_fidelity_com/js/nav-07.18.min.js, line 2: Using //@ to indicate sourceMappingURL pragmas is deprecated. Use //# instead
JavaScript warning: https://www.fidelity.com/bin-public/060_www_fidelity_com/js/nav-07.18.min.js, line 2: Using //@ to indicate sourceMappingURL pragmas is deprecated. Use //# instead
JavaScript warning: https://www.fid-inv.com/webcontent/ap110184-client-portfolio/117.1/js/main-dma-min.js, line 3955: Using //@ to indicate sourceMappingURL pragmas is deprecated. Use //# instead
JavaScript error: https://www.fid-inv.com/webcontent/ap110184-client-portfolio/117.1/js/main-dma-min.js, line 157: Error: Syntax error, unrecognized expression: https://scs.fidelity.com/customeronly/statements.shtml?Ref_at=ng
JavaScript warning: https://www.fidelity.com/bin-public/060_www_fidelity_com/js/nav-07.18.min.js, line 2: Using //@ to indicate sourceMappingURL pragmas is deprecated. Use //# instead
[Parent 28720, Gecko_IOThread] WARNING: pipe error: Broken pipe: file /builds/worker/workspace/build/src/ipc/chromium/src/chrome/common/ipc_channel_posix.cc, line 728
1575254562745	Marionette	WARN	TimedPromise timed out after 0 ms: stacktrace:
bail@chrome://marionette/content/sync.js:237:64
1575254562993	Marionette	WARN	TimedPromise timed out after 0 ms: stacktrace:
bail@chrome://marionette/content/sync.js:237:64
JavaScript warning: https://www.fidelity.com/bin-public/060_www_fidelity_com/js/nav-07.18.min.js, line 2: Using //@ to indicate sourceMappingURL pragmas is deprecated. Use //# instead
1575255231213	mozrunner::runner	INFO	Running command: "/Applications/Firefox.app/Contents/MacOS/firefox-bin" "-marionette" "-foreground" "-no-remote" "-profile" "/var/folders/wn/50dgttjn74z20t4zw4dh_jkm0000gn/T/rust_mozprofile7p4m47"
1575255231804	addons.webextension.screenshots@mozilla.org	WARN	Loading extension 'screenshots@mozilla.org': Reading manifest: Invalid extension permission: mozillaAddons
1575255231804	addons.webextension.screenshots@mozilla.org	WARN	Loading extension 'screenshots@mozilla.org': Reading manifest: Invalid extension permission: telemetry
1575255231804	addons.webextension.screenshots@mozilla.org	WARN	Loading extension 'screenshots@mozilla.org': Reading manifest: Invalid extension permission: resource://pdf.js/
1575255231804	addons.webextension.screenshots@mozilla.org	WARN	Loading extension 'screenshots@mozilla.org': Reading manifest: Invalid extension permission: about:reader*
1575255233125	Marionette	INFO	Listening on port 54330
1575255233182	Marionette	WARN	TLS certificate errors will be ignored for this session
JavaScript warning: https://www.fidelity.com/bin-public/060_www_fidelity_com/js/nav-07.18.min.js, line 2: Using //@ to indicate sourceMappingURL pragmas is deprecated. Use //# instead
JavaScript warning: https://www.fidelity.com/bin-public/060_www_fidelity_com/js/nav-07.18.min.js, line 2: Using //@ to indicate sourceMappingURL pragmas is deprecated. Use //# instead
JavaScript warning: https://www.fid-inv.com/webcontent/ap110184-client-portfolio/117.1/js/main-dma-min.js, line 3955: Using //@ to indicate sourceMappingURL pragmas is deprecated. Use //# instead
JavaScript error: https://www.fid-inv.com/webcontent/ap110184-client-portfolio/117.1/js/main-dma-min.js, line 157: Error: Syntax error, unrecognized expression: https://scs.fidelity.com/customeronly/statements.shtml?Ref_at=ng
1575255244854	Marionette	INFO	Stopped listening on port 54211
JavaScript warning: https://www.fidelity.com/bin-public/060_www_fidelity_com/js/nav-07.18.min.js, line 2: Using //@ to indicate sourceMappingURL pragmas is deprecated. Use //# instead
[Parent 28931, Gecko_IOThread] WARNING: pipe error: Broken pipe: file /builds/worker/workspace/build/src/ipc/chromium/src/chrome/common/ipc_channel_posix.cc, line 728
1575255245937	Marionette	WARN	TimedPromise timed out after 0 ms: stacktrace:
bail@chrome://marionette/content/sync.js:237:64
1575255246201	Marionette	WARN	TimedPromise timed out after 0 ms: stacktrace:
bail@chrome://marionette/content/sync.js:237:64
JavaScript warning: https://www.fidelity.com/bin-public/060_www_fidelity_com/js/nav-07.18.min.js, line 2: Using //@ to indicate sourceMappingURL pragmas is deprecated. Use //# instead
1575255247730	Marionette	INFO	Stopped listening on port 53621
[Parent 28931, Gecko_IOThread] WARNING: pipe error: Broken pipe: file /builds/worker/workspace/build/src/ipc/chromium/src/chrome/common/ipc_channel_posix.cc, line 728
1575255277455	mozrunner::runner	INFO	Running command: "/Applications/Firefox.app/Contents/MacOS/firefox-bin" "-marionette" "-foreground" "-no-remote" "-profile" "/var/folders/wn/50dgttjn74z20t4zw4dh_jkm0000gn/T/rust_mozprofileEOdX8R"
1575255277802	addons.webextension.screenshots@mozilla.org	WARN	Loading extension 'screenshots@mozilla.org': Reading manifest: Invalid extension permission: mozillaAddons
1575255277802	addons.webextension.screenshots@mozilla.org	WARN	Loading extension 'screenshots@mozilla.org': Reading manifest: Invalid extension permission: telemetry
1575255277802	addons.webextension.screenshots@mozilla.org	WARN	Loading extension 'screenshots@mozilla.org': Reading manifest: Invalid extension permission: resource://pdf.js/
1575255277802	addons.webextension.screenshots@mozilla.org	WARN	Loading extension 'screenshots@mozilla.org': Reading manifest: Invalid extension permission: about:reader*
1575255279097	Marionette	INFO	Listening on port 54437
1575255279112	Marionette	WARN	TLS certificate errors will be ignored for this session
1575255279681	Marionette	INFO	Stopped listening on port 54330
JavaScript warning: https://www.fidelity.com/bin-public/060_www_fidelity_com/js/nav-07.18.min.js, line 2: Using //@ to indicate sourceMappingURL pragmas is deprecated. Use //# instead
[Parent 28965, Gecko_IOThread] WARNING: pipe error: Broken pipe: file /builds/worker/workspace/build/src/ipc/chromium/src/chrome/common/ipc_channel_posix.cc, line 728
JavaScript warning: https://www.fidelity.com/bin-public/060_www_fidelity_com/js/nav-07.18.min.js, line 2: Using //@ to indicate sourceMappingURL pragmas is deprecated. Use //# instead
JavaScript warning: https://www.fid-inv.com/webcontent/ap110184-client-portfolio/117.1/js/main-dma-min.js, line 3955: Using //@ to indicate sourceMappingURL pragmas is deprecated. Use //# instead
JavaScript error: https://www.fid-inv.com/webcontent/ap110184-client-portfolio/117.1/js/main-dma-min.js, line 157: Error: Syntax error, unrecognized expression: https://scs.fidelity.com/customeronly/statements.shtml?Ref_at=ng
JavaScript warning: https://www.fidelity.com/bin-public/060_www_fidelity_com/js/nav-07.18.min.js, line 2: Using //@ to indicate sourceMappingURL pragmas is deprecated. Use //# instead
1575255296428	Marionette	WARN	TimedPromise timed out after 0 ms: stacktrace:
bail@chrome://marionette/content/sync.js:237:64
1575255296682	Marionette	WARN	TimedPromise timed out after 0 ms: stacktrace:
bail@chrome://marionette/content/sync.js:237:64
JavaScript warning: https://www.fidelity.com/bin-public/060_www_fidelity_com/js/nav-07.18.min.js, line 2: Using //@ to indicate sourceMappingURL pragmas is deprecated. Use //# instead
[Parent 28965, Gecko_IOThread] WARNING: pipe error: Broken pipe: file /builds/worker/workspace/build/src/ipc/chromium/src/chrome/common/ipc_channel_posix.cc, line 728
[Parent 28965, Gecko_IOThread] WARNING: pipe error: Broken pipe: file /builds/worker/workspace/build/src/ipc/chromium/src/chrome/common/ipc_channel_posix.cc, line 728
[Parent 28965, Gecko_IOThread] WARNING: pipe error: Broken pipe: file /builds/worker/workspace/build/src/ipc/chromium/src/chrome/common/ipc_channel_posix.cc, line 728
[Parent 28965, Gecko_IOThread] WARNING: pipe error: Broken pipe: file /builds/worker/workspace/build/src/ipc/chromium/src/chrome/common/ipc_channel_posix.cc, line 728
1575255930074	Marionette	INFO	Stopped listening on port 54437
1575255943134	mozrunner::runner	INFO	Running command: "/Applications/Firefox.app/Contents/MacOS/firefox-bin" "-marionette" "-foreground" "-no-remote" "-profile" "/var/folders/wn/50dgttjn74z20t4zw4dh_jkm0000gn/T/rust_mozprofileTQan0B"
1575255943487	addons.webextension.screenshots@mozilla.org	WARN	Loading extension 'screenshots@mozilla.org': Reading manifest: Invalid extension permission: mozillaAddons
1575255943487	addons.webextension.screenshots@mozilla.org	WARN	Loading extension 'screenshots@mozilla.org': Reading manifest: Invalid extension permission: telemetry
1575255943487	addons.webextension.screenshots@mozilla.org	WARN	Loading extension 'screenshots@mozilla.org': Reading manifest: Invalid extension permission: resource://pdf.js/
1575255943487	addons.webextension.screenshots@mozilla.org	WARN	Loading extension 'screenshots@mozilla.org': Reading manifest: Invalid extension permission: about:reader*
1575255944760	Marionette	INFO	Listening on port 54669
1575255944786	Marionette	WARN	TLS certificate errors will be ignored for this session
JavaScript warning: https://www.fidelity.com/bin-public/060_www_fidelity_com/js/nav-07.18.min.js, line 2: Using //@ to indicate sourceMappingURL pragmas is deprecated. Use //# instead
JavaScript warning: https://www.fidelity.com/bin-public/060_www_fidelity_com/js/nav-07.18.min.js, line 2: Using //@ to indicate sourceMappingURL pragmas is deprecated. Use //# instead
JavaScript warning: https://www.fid-inv.com/webcontent/ap110184-client-portfolio/117.1/js/main-dma-min.js, line 3955: Using //@ to indicate sourceMappingURL pragmas is deprecated. Use //# instead
JavaScript error: https://www.fid-inv.com/webcontent/ap110184-client-portfolio/117.1/js/main-dma-min.js, line 157: Error: Syntax error, unrecognized expression: https://scs.fidelity.com/customeronly/statements.shtml?Ref_at=ng
JavaScript warning: https://www.fidelity.com/bin-public/060_www_fidelity_com/js/nav-07.18.min.js, line 2: Using //@ to indicate sourceMappingURL pragmas is deprecated. Use //# instead
[Parent 29168, Gecko_IOThread] WARNING: pipe error: Broken pipe: file /builds/worker/workspace/build/src/ipc/chromium/src/chrome/common/ipc_channel_posix.cc, line 728
JavaScript warning: https://www.fidelity.com/bin-public/060_www_fidelity_com/js/nav-07.18.min.js, line 2: Using //@ to indicate sourceMappingURL pragmas is deprecated. Use //# instead
1575256223928	mozrunner::runner	INFO	Running command: "/Applications/Firefox.app/Contents/MacOS/firefox-bin" "-marionette" "-foreground" "-no-remote" "-profile" "/var/folders/wn/50dgttjn74z20t4zw4dh_jkm0000gn/T/rust_mozprofilePceXJm"
1575256224254	addons.webextension.screenshots@mozilla.org	WARN	Loading extension 'screenshots@mozilla.org': Reading manifest: Invalid extension permission: mozillaAddons
1575256224255	addons.webextension.screenshots@mozilla.org	WARN	Loading extension 'screenshots@mozilla.org': Reading manifest: Invalid extension permission: telemetry
1575256224255	addons.webextension.screenshots@mozilla.org	WARN	Loading extension 'screenshots@mozilla.org': Reading manifest: Invalid extension permission: resource://pdf.js/
1575256224255	addons.webextension.screenshots@mozilla.org	WARN	Loading extension 'screenshots@mozilla.org': Reading manifest: Invalid extension permission: about:reader*
1575256225475	Marionette	INFO	Listening on port 54769
1575256225481	Marionette	WARN	TLS certificate errors will be ignored for this session
1575256225756	Marionette	INFO	Stopped listening on port 54669
JavaScript warning: https://www.fidelity.com/bin-public/060_www_fidelity_com/js/nav-07.18.min.js, line 2: Using //@ to indicate sourceMappingURL pragmas is deprecated. Use //# instead
JavaScript warning: https://www.fidelity.com/bin-public/060_www_fidelity_com/js/nav-07.18.min.js, line 2: Using //@ to indicate sourceMappingURL pragmas is deprecated. Use //# instead
JavaScript warning: https://www.fid-inv.com/webcontent/ap110184-client-portfolio/117.1/js/main-dma-min.js, line 3955: Using //@ to indicate sourceMappingURL pragmas is deprecated. Use //# instead
JavaScript error: https://www.fid-inv.com/webcontent/ap110184-client-portfolio/117.1/js/main-dma-min.js, line 157: Error: Syntax error, unrecognized expression: https://scs.fidelity.com/customeronly/statements.shtml?Ref_at=ng
JavaScript warning: https://www.fidelity.com/bin-public/060_www_fidelity_com/js/nav-07.18.min.js, line 2: Using //@ to indicate sourceMappingURL pragmas is deprecated. Use //# instead
JavaScript warning: https://www.fidelity.com/bin-public/060_www_fidelity_com/js/nav-07.18.min.js, line 2: Using //@ to indicate sourceMappingURL pragmas is deprecated. Use //# instead
[GFX1-]: Receive IPC close with reason=AbnormalShutdown
Exiting due to channel error.
[GFX1-]: Receive IPC close with reason=AbnormalShutdown
[GFX1-]: Receive IPC close with reason=AbnormalShutdown
Exiting due to channel error.
Exiting due to channel error.
1575256491051	mozrunner::runner	INFO	Running command: "/Applications/Firefox.app/Contents/MacOS/firefox-bin" "-marionette" "-foreground" "-no-remote" "-profile" "/var/folders/wn/50dgttjn74z20t4zw4dh_jkm0000gn/T/rust_mozprofile3ZlcNx"
1575256491390	addons.webextension.screenshots@mozilla.org	WARN	Loading extension 'screenshots@mozilla.org': Reading manifest: Invalid extension permission: mozillaAddons
1575256491390	addons.webextension.screenshots@mozilla.org	WARN	Loading extension 'screenshots@mozilla.org': Reading manifest: Invalid extension permission: telemetry
1575256491391	addons.webextension.screenshots@mozilla.org	WARN	Loading extension 'screenshots@mozilla.org': Reading manifest: Invalid extension permission: resource://pdf.js/
1575256491391	addons.webextension.screenshots@mozilla.org	WARN	Loading extension 'screenshots@mozilla.org': Reading manifest: Invalid extension permission: about:reader*
1575256492591	Marionette	INFO	Listening on port 54880
1575256492614	Marionette	WARN	TLS certificate errors will be ignored for this session
JavaScript warning: https://www.fidelity.com/bin-public/060_www_fidelity_com/js/nav-07.18.min.js, line 2: Using //@ to indicate sourceMappingURL pragmas is deprecated. Use //# instead
JavaScript warning: https://www.fidelity.com/bin-public/060_www_fidelity_com/js/nav-07.18.min.js, line 2: Using //@ to indicate sourceMappingURL pragmas is deprecated. Use //# instead
JavaScript warning: https://www.fid-inv.com/webcontent/ap110184-client-portfolio/117.1/js/main-dma-min.js, line 3955: Using //@ to indicate sourceMappingURL pragmas is deprecated. Use //# instead
JavaScript error: https://www.fid-inv.com/webcontent/ap110184-client-portfolio/117.1/js/main-dma-min.js, line 157: Error: Syntax error, unrecognized expression: https://scs.fidelity.com/customeronly/statements.shtml?Ref_at=ng
JavaScript warning: https://www.fidelity.com/bin-public/060_www_fidelity_com/js/nav-07.18.min.js, line 2: Using //@ to indicate sourceMappingURL pragmas is deprecated. Use //# instead
[Parent 29365, Gecko_IOThread] WARNING: pipe error: Broken pipe: file /builds/worker/workspace/build/src/ipc/chromium/src/chrome/common/ipc_channel_posix.cc, line 728
JavaScript warning: https://www.fidelity.com/bin-public/060_www_fidelity_com/js/nav-07.18.min.js, line 2: Using //@ to indicate sourceMappingURL pragmas is deprecated. Use //# instead
